# JRE version: OpenJDK Runtime Environment Microsoft-11369865 (17.0.15+6) (build 17.0.15+6-LTS)
# Java VM: OpenJDK 64-Bit Server VM Microsoft-11369865 (17.0.15+6-LTS, mixed mode, sharing, tiered, compressed oops, compressed class ptrs, g1 gc, windows-amd64)
GC Precious Log:
 CPUs: 8 total, 8 available
 Memory: 7959M
 Large Page Support: Disabled
 NUMA Support: Disabled
 Compressed Oops: Enabled (Zero based)
 Heap Region Size: 2M
 Heap Min Capacity: 8M
 Heap Initial Capacity: 126M
 Heap Max Capacity: 4G
 Pre-touch: Disabled
 Parallel Workers: 8
 Concurrent Workers: 2
 Concurrent Refinement Workers: 8
 Periodic GC: Disabled
Heap:
 garbage-first heap   total 567296K, used 265179K [0x0000000700000000, 0x0000000800000000)
  region size 2048K, 11 young (22528K), 11 survivors (22528K)
 Metaspace       used 138606K, committed 140416K, reserved 983040K
  class space    used 18464K, committed 19328K, reserved 851968K
GC Heap History (20 events):
Event: 110.376 GC heap after
{Heap after GC invocations=78 (full 0):
 garbage-first heap   total 415744K, used 308691K [0x0000000700000000, 0x0000000800000000)
  region size 2048K, 2 young (4096K), 2 survivors (4096K)
 Metaspace       used 128827K, committed 130496K, reserved 983040K
  class space    used 17245K, committed 18048K, reserved 851968K
}
Event: 110.634 GC heap before
{Heap before GC invocations=78 (full 0):
 garbage-first heap   total 415744K, used 351699K [0x0000000700000000, 0x0000000800000000)
  region size 2048K, 24 young (49152K), 2 survivors (4096K)
 Metaspace       used 128893K, committed 130560K, reserved 983040K
  class space    used 17245K, committed 18048K, reserved 851968K
}
Event: 110.639 GC heap after
{Heap after GC invocations=79 (full 0):
 garbage-first heap   total 499712K, used 309971K [0x0000000700000000, 0x0000000800000000)
  region size 2048K, 2 young (4096K), 2 survivors (4096K)
 Metaspace       used 128893K, committed 130560K, reserved 983040K
  class space    used 17245K, committed 18048K, reserved 851968K
}
Event: 111.546 GC heap before
{Heap before GC invocations=79 (full 0):
 garbage-first heap   total 499712K, used 418515K [0x0000000700000000, 0x0000000800000000)
  region size 2048K, 55 young (112640K), 2 survivors (4096K)
 Metaspace       used 129394K, committed 131072K, reserved 983040K
  class space    used 17287K, committed 18112K, reserved 851968K
}
Event: 111.553 GC heap after
{Heap after GC invocations=80 (full 0):
 garbage-first heap   total 499712K, used 312365K [0x0000000700000000, 0x0000000800000000)
  region size 2048K, 3 young (6144K), 3 survivors (6144K)
 Metaspace       used 129394K, committed 131072K, reserved 983040K
  class space    used 17287K, committed 18112K, reserved 851968K
}
Event: 112.802 GC heap before
{Heap before GC invocations=80 (full 0):
 garbage-first heap   total 499712K, used 422957K [0x0000000700000000, 0x0000000800000000)
  region size 2048K, 57 young (116736K), 3 survivors (6144K)
 Metaspace       used 131602K, committed 133312K, reserved 983040K
  class space    used 17554K, committed 18368K, reserved 851968K
}
Event: 112.810 GC heap after
{Heap after GC invocations=81 (full 0):
 garbage-first heap   total 499712K, used 312575K [0x0000000700000000, 0x0000000800000000)
  region size 2048K, 4 young (8192K), 4 survivors (8192K)
 Metaspace       used 131602K, committed 133312K, reserved 983040K
  class space    used 17554K, committed 18368K, reserved 851968K
}
Event: 114.935 GC heap before
{Heap before GC invocations=81 (full 0):
 garbage-first heap   total 499712K, used 423167K [0x0000000700000000, 0x0000000800000000)
  region size 2048K, 59 young (120832K), 4 survivors (8192K)
 Metaspace       used 132035K, committed 133696K, reserved 983040K
  class space    used 17598K, committed 18368K, reserved 851968K
}
Event: 114.945 GC heap after
{Heap after GC invocations=82 (full 0):
 garbage-first heap   total 499712K, used 316330K [0x0000000700000000, 0x0000000800000000)
  region size 2048K, 6 young (12288K), 6 survivors (12288K)
 Metaspace       used 132035K, committed 133696K, reserved 983040K
  class space    used 17598K, committed 18368K, reserved 851968K
}
Event: 1027.305 GC heap before
{Heap before GC invocations=82 (full 0):
 garbage-first heap   total 499712K, used 424874K [0x0000000700000000, 0x0000000800000000)
  region size 2048K, 60 young (122880K), 6 survivors (12288K)
 Metaspace       used 132671K, committed 134400K, reserved 983040K
  class space    used 17650K, committed 18496K, reserved 851968K
}
Event: 1027.356 GC heap after
{Heap after GC invocations=83 (full 0):
 garbage-first heap   total 499712K, used 323884K [0x0000000700000000, 0x0000000800000000)
  region size 2048K, 7 young (14336K), 7 survivors (14336K)
 Metaspace       used 132671K, committed 134400K, reserved 983040K
  class space    used 17650K, committed 18496K, reserved 851968K
}
Event: 1027.512 GC heap before
{Heap before GC invocations=83 (full 0):
 garbage-first heap   total 499712K, used 327980K [0x0000000700000000, 0x0000000800000000)
  region size 2048K, 10 young (20480K), 7 survivors (14336K)
 Metaspace       used 132681K, committed 134400K, reserved 983040K
  class space    used 17650K, committed 18496K, reserved 851968K
}
Event: 1027.533 GC heap after
{Heap after GC invocations=84 (full 0):
 garbage-first heap   total 499712K, used 325244K [0x0000000700000000, 0x0000000800000000)
  region size 2048K, 5 young (10240K), 5 survivors (10240K)
 Metaspace       used 132681K, committed 134400K, reserved 983040K
  class space    used 17650K, committed 18496K, reserved 851968K
}
Event: 1028.878 GC heap before
{Heap before GC invocations=85 (full 0):
 garbage-first heap   total 567296K, used 401020K [0x0000000700000000, 0x0000000800000000)
  region size 2048K, 48 young (98304K), 5 survivors (10240K)
 Metaspace       used 135465K, committed 137280K, reserved 983040K
  class space    used 18101K, committed 18944K, reserved 851968K
}
Event: 1028.896 GC heap after
{Heap after GC invocations=86 (full 0):
 garbage-first heap   total 567296K, used 316369K [0x0000000700000000, 0x0000000800000000)
  region size 2048K, 3 young (6144K), 3 survivors (6144K)
 Metaspace       used 135465K, committed 137280K, reserved 983040K
  class space    used 18101K, committed 18944K, reserved 851968K
}
Event: 1029.220 GC heap before
{Heap before GC invocations=86 (full 0):
 garbage-first heap   total 567296K, used 336849K [0x0000000700000000, 0x0000000800000000)
  region size 2048K, 13 young (26624K), 3 survivors (6144K)
 Metaspace       used 135937K, committed 137664K, reserved 983040K
  class space    used 18181K, committed 19008K, reserved 851968K
}
Event: 1029.235 GC heap after
{Heap after GC invocations=87 (full 0):
 garbage-first heap   total 567296K, used 265216K [0x0000000700000000, 0x0000000800000000)
  region size 2048K, 1 young (2048K), 1 survivors (2048K)
 Metaspace       used 135937K, committed 137664K, reserved 983040K
  class space    used 18181K, committed 19008K, reserved 851968K
}
Event: 1029.297 GC heap before
{Heap before GC invocations=87 (full 0):
 garbage-first heap   total 567296K, used 289792K [0x0000000700000000, 0x0000000800000000)
  region size 2048K, 13 young (26624K), 1 survivors (2048K)
 Metaspace       used 135944K, committed 137664K, reserved 983040K
  class space    used 18181K, committed 19008K, reserved 851968K
}
Event: 1029.332 GC heap after
{Heap after GC invocations=88 (full 0):
 garbage-first heap   total 567296K, used 243487K [0x0000000700000000, 0x0000000800000000)
  region size 2048K, 1 young (2048K), 1 survivors (2048K)
 Metaspace       used 135944K, committed 137664K, reserved 983040K
  class space    used 18181K, committed 19008K, reserved 851968K
}
Event: 1080.928 GC heap before
{Heap before GC invocations=88 (full 0):
 garbage-first heap   total 567296K, used 458527K [0x0000000700000000, 0x0000000800000000)
  region size 2048K, 106 young (217088K), 1 survivors (2048K)
 Metaspace       used 138606K, committed 140416K, reserved 983040K
  class space    used 18464K, committed 19328K, reserved 851968K
}

