# JRE version: OpenJDK Runtime Environment Microsoft-11369865 (17.0.15+6) (build 17.0.15+6-LTS)
# Java VM: OpenJDK 64-Bit Server VM Microsoft-11369865 (17.0.15+6-LTS, mixed mode, sharing, tiered, compressed oops, compressed class ptrs, g1 gc, windows-amd64)
GC Precious Log:
 CPUs: 8 total, 8 available
 Memory: 7959M
 Large Page Support: Disabled
 NUMA Support: Disabled
 Compressed Oops: Enabled (32-bit)
 Heap Region Size: 1M
 Heap Min Capacity: 8M
 Heap Initial Capacity: 126M
 Heap Max Capacity: 2G
 Pre-touch: Disabled
 Parallel Workers: 8
 Concurrent Workers: 2
 Concurrent Refinement Workers: 8
 Periodic GC: Disabled
Heap:
 garbage-first heap   total 408576K, used 362468K [0x0000000080000000, 0x0000000100000000)
  region size 1024K, 10 young (10240K), 2 survivors (2048K)
 Metaspace       used 128543K, committed 130944K, reserved 557056K
  class space    used 17466K, committed 18496K, reserved 425984K
GC Heap History (20 events):
Event: 6069.881 GC heap before
{Heap before GC invocations=88 (full 0):
 garbage-first heap   total 408576K, used 355328K [0x0000000080000000, 0x0000000100000000)
  region size 1024K, 27 young (27648K), 4 survivors (4096K)
 Metaspace       used 127049K, committed 128960K, reserved 557056K
  class space    used 17393K, committed 18304K, reserved 425984K
}
Event: 6069.900 GC heap after
{Heap after GC invocations=89 (full 0):
 garbage-first heap   total 408576K, used 334242K [0x0000000080000000, 0x0000000100000000)
  region size 1024K, 2 young (2048K), 2 survivors (2048K)
 Metaspace       used 127049K, committed 128960K, reserved 557056K
  class space    used 17393K, committed 18304K, reserved 425984K
}
Event: 6070.694 GC heap before
{Heap before GC invocations=89 (full 0):
 garbage-first heap   total 408576K, used 356770K [0x0000000080000000, 0x0000000100000000)
  region size 1024K, 25 young (25600K), 2 survivors (2048K)
 Metaspace       used 127970K, committed 129920K, reserved 557056K
  class space    used 17517K, committed 18432K, reserved 425984K
}
Event: 6070.700 GC heap after
{Heap after GC invocations=90 (full 0):
 garbage-first heap   total 408576K, used 335742K [0x0000000080000000, 0x0000000100000000)
  region size 1024K, 3 young (3072K), 3 survivors (3072K)
 Metaspace       used 127970K, committed 129920K, reserved 557056K
  class space    used 17517K, committed 18432K, reserved 425984K
}
Event: 6070.952 GC heap before
{Heap before GC invocations=90 (full 0):
 garbage-first heap   total 408576K, used 358270K [0x0000000080000000, 0x0000000100000000)
  region size 1024K, 26 young (26624K), 3 survivors (3072K)
 Metaspace       used 128056K, committed 130048K, reserved 557056K
  class space    used 17533K, committed 18496K, reserved 425984K
}
Event: 6070.958 GC heap after
{Heap after GC invocations=91 (full 0):
 garbage-first heap   total 408576K, used 336774K [0x0000000080000000, 0x0000000100000000)
  region size 1024K, 3 young (3072K), 3 survivors (3072K)
 Metaspace       used 128056K, committed 130048K, reserved 557056K
  class space    used 17533K, committed 18496K, reserved 425984K
}
Event: 6071.291 GC heap before
{Heap before GC invocations=91 (full 0):
 garbage-first heap   total 408576K, used 359302K [0x0000000080000000, 0x0000000100000000)
  region size 1024K, 26 young (26624K), 3 survivors (3072K)
 Metaspace       used 128114K, committed 130048K, reserved 557056K
  class space    used 17536K, committed 18496K, reserved 425984K
}
Event: 6071.298 GC heap after
{Heap after GC invocations=92 (full 0):
 garbage-first heap   total 408576K, used 337884K [0x0000000080000000, 0x0000000100000000)
  region size 1024K, 3 young (3072K), 3 survivors (3072K)
 Metaspace       used 128114K, committed 130048K, reserved 557056K
  class space    used 17536K, committed 18496K, reserved 425984K
}
Event: 6072.449 GC heap before
{Heap before GC invocations=92 (full 0):
 garbage-first heap   total 408576K, used 359388K [0x0000000080000000, 0x0000000100000000)
  region size 1024K, 25 young (25600K), 3 survivors (3072K)
 Metaspace       used 128661K, committed 130624K, reserved 557056K
  class space    used 17548K, committed 18496K, reserved 425984K
}
Event: 6072.457 GC heap after
{Heap after GC invocations=93 (full 0):
 garbage-first heap   total 408576K, used 340283K [0x0000000080000000, 0x0000000100000000)
  region size 1024K, 4 young (4096K), 4 survivors (4096K)
 Metaspace       used 128661K, committed 130624K, reserved 557056K
  class space    used 17548K, committed 18496K, reserved 425984K
}
Event: 6073.165 GC heap before
{Heap before GC invocations=93 (full 0):
 garbage-first heap   total 408576K, used 359739K [0x0000000080000000, 0x0000000100000000)
  region size 1024K, 24 young (24576K), 4 survivors (4096K)
 Metaspace       used 128714K, committed 130688K, reserved 557056K
  class space    used 17548K, committed 18496K, reserved 425984K
}
Event: 6073.173 GC heap after
{Heap after GC invocations=94 (full 0):
 garbage-first heap   total 408576K, used 345051K [0x0000000080000000, 0x0000000100000000)
  region size 1024K, 3 young (3072K), 3 survivors (3072K)
 Metaspace       used 128714K, committed 130688K, reserved 557056K
  class space    used 17548K, committed 18496K, reserved 425984K
}
Event: 6073.600 GC heap before
{Heap before GC invocations=94 (full 0):
 garbage-first heap   total 408576K, used 370651K [0x0000000080000000, 0x0000000100000000)
  region size 1024K, 19 young (19456K), 3 survivors (3072K)
 Metaspace       used 128784K, committed 130752K, reserved 557056K
  class space    used 17548K, committed 18496K, reserved 425984K
}
Event: 6073.608 GC heap after
{Heap after GC invocations=95 (full 0):
 garbage-first heap   total 408576K, used 353230K [0x0000000080000000, 0x0000000100000000)
  region size 1024K, 3 young (3072K), 3 survivors (3072K)
 Metaspace       used 128784K, committed 130752K, reserved 557056K
  class space    used 17548K, committed 18496K, reserved 425984K
}
Event: 6073.936 GC heap before
{Heap before GC invocations=95 (full 0):
 garbage-first heap   total 408576K, used 368590K [0x0000000080000000, 0x0000000100000000)
  region size 1024K, 19 young (19456K), 3 survivors (3072K)
 Metaspace       used 128790K, committed 130752K, reserved 557056K
  class space    used 17548K, committed 18496K, reserved 425984K
}
Event: 6073.944 GC heap after
{Heap after GC invocations=96 (full 0):
 garbage-first heap   total 408576K, used 363650K [0x0000000080000000, 0x0000000100000000)
  region size 1024K, 3 young (3072K), 3 survivors (3072K)
 Metaspace       used 128790K, committed 130752K, reserved 557056K
  class space    used 17548K, committed 18496K, reserved 425984K
}
Event: 6074.293 GC heap before
{Heap before GC invocations=96 (full 0):
 garbage-first heap   total 408576K, used 380034K [0x0000000080000000, 0x0000000100000000)
  region size 1024K, 19 young (19456K), 3 survivors (3072K)
 Metaspace       used 128797K, committed 130752K, reserved 557056K
  class space    used 17548K, committed 18496K, reserved 425984K
}
Event: 6074.313 GC heap after
{Heap after GC invocations=97 (full 0):
 garbage-first heap   total 408576K, used 370314K [0x0000000080000000, 0x0000000100000000)
  region size 1024K, 3 young (3072K), 3 survivors (3072K)
 Metaspace       used 128797K, committed 130752K, reserved 557056K
  class space    used 17548K, committed 18496K, reserved 425984K
}
Event: 6074.908 GC heap before
{Heap before GC invocations=97 (full 0):
 garbage-first heap   total 408576K, used 387722K [0x0000000080000000, 0x0000000100000000)
  region size 1024K, 19 young (19456K), 3 survivors (3072K)
 Metaspace       used 128962K, committed 130944K, reserved 557056K
  class space    used 17557K, committed 18496K, reserved 425984K
}
Event: 6074.916 GC heap after
{Heap after GC invocations=98 (full 0):
 garbage-first heap   total 408576K, used 373732K [0x0000000080000000, 0x0000000100000000)
  region size 1024K, 2 young (2048K), 2 survivors (2048K)
 Metaspace       used 128962K, committed 130944K, reserved 557056K
  class space    used 17557K, committed 18496K, reserved 425984K
}

